
GET: http:v1.1 localhost:3000/ ::1 "Windows" "Google Chrome";v="113", "Chromium";v="113", "Not-A.Brand";v="24" Sun May 28 2023 00:44:30 GMT+0000 (Greenwich Mean Time) 
GET: http:v1.1 localhost:3000/form ::1 "Windows" "Google Chrome";v="113", "Chromium";v="113", "Not-A.Brand";v="24" Sun May 28 2023 00:44:30 GMT+0000 (Greenwich Mean Time) 
GET: http:v1.1 localhost:3000/ ::1 "Windows" "Google Chrome";v="113", "Chromium";v="113", "Not-A.Brand";v="24" Sun May 28 2023 00:44:36 GMT+0000 (Greenwich Mean Time) 
GET: http:v1.1 localhost:3000/ ::1 "Windows" "Google Chrome";v="113", "Chromium";v="113", "Not-A.Brand";v="24" Sun May 28 2023 00:44:54 GMT+0000 (Greenwich Mean Time) 
GET: http:v1.1 localhost:3000/form ::1 "Windows" "Google Chrome";v="113", "Chromium";v="113", "Not-A.Brand";v="24" Sun May 28 2023 00:44:54 GMT+0000 (Greenwich Mean Time) 
GET: http:v1.1 localhost:3000/form ::1 "Windows" "Google Chrome";v="113", "Chromium";v="113", "Not-A.Brand";v="24" Sun May 28 2023 00:49:28 GMT+0000 (Greenwich Mean Time) 
GET: http:v1.1 localhost:3000/form ::1 "Windows" "Google Chrome";v="113", "Chromium";v="113", "Not-A.Brand";v="24" Sun May 28 2023 00:51:55 GMT+0000 (Greenwich Mean Time) 
GET: http:v1.1 localhost:3000/form ::1 "Windows" "Google Chrome";v="113", "Chromium";v="113", "Not-A.Brand";v="24" Sun May 28 2023 00:52:43 GMT+0000 (Greenwich Mean Time) 
GET: http:v1.1 localhost:3000/form ::1 "Windows" "Google Chrome";v="113", "Chromium";v="113", "Not-A.Brand";v="24" Sun May 28 2023 00:52:50 GMT+0000 (Greenwich Mean Time) 
GET: http:v1.1 localhost:3000/form ::1 "Android" "Google Chrome";v="113", "Chromium";v="113", "Not-A.Brand";v="24" Sun May 28 2023 00:55:10 GMT+0000 (Greenwich Mean Time) 
GET: http:v1.1 localhost:3000/form ::1 "Android" "Google Chrome";v="113", "Chromium";v="113", "Not-A.Brand";v="24" Sun May 28 2023 00:55:28 GMT+0000 (Greenwich Mean Time) 
GET: http:v1.1 localhost:3000/form ::1 "Android" "Google Chrome";v="113", "Chromium";v="113", "Not-A.Brand";v="24" Sun May 28 2023 00:56:10 GMT+0000 (Greenwich Mean Time) 
GET: http:v1.1 localhost:3000/form ::1 "Android" "Google Chrome";v="113", "Chromium";v="113", "Not-A.Brand";v="24" Sun May 28 2023 00:56:33 GMT+0000 (Greenwich Mean Time) 
GET: http:v1.1 localhost:3000/form ::1 "Android" "Google Chrome";v="113", "Chromium";v="113", "Not-A.Brand";v="24" Sun May 28 2023 01:02:41 GMT+0000 (Greenwich Mean Time) 
GET: http:v1.1 localhost:3000/form ::1 "Android" "Google Chrome";v="113", "Chromium";v="113", "Not-A.Brand";v="24" Sun May 28 2023 01:04:57 GMT+0000 (Greenwich Mean Time) 
GET: http:v1.1 localhost:3000/form ::1 "Android" "Google Chrome";v="113", "Chromium";v="113", "Not-A.Brand";v="24" Sun May 28 2023 01:05:00 GMT+0000 (Greenwich Mean Time) 
GET: http:v1.1 localhost:3000/form ::1 "Android" "Google Chrome";v="113", "Chromium";v="113", "Not-A.Brand";v="24" Sun May 28 2023 01:05:32 GMT+0000 (Greenwich Mean Time) 
GET: http:v1.1 localhost:3000/form ::1 "Android" "Google Chrome";v="113", "Chromium";v="113", "Not-A.Brand";v="24" Sun May 28 2023 01:05:35 GMT+0000 (Greenwich Mean Time) 
GET: http:v1.1 localhost:3000/ ::1 "Windows" "Google Chrome";v="113", "Chromium";v="113", "Not-A.Brand";v="24" Sun May 28 2023 01:28:58 GMT+0000 (Greenwich Mean Time) 
GET: http:v1.1 localhost:3000/form ::1 "Windows" "Google Chrome";v="113", "Chromium";v="113", "Not-A.Brand";v="24" Sun May 28 2023 01:28:58 GMT+0000 (Greenwich Mean Time) 
GET: http:v1.1 localhost:3000/form ::1 "Windows" "Google Chrome";v="113", "Chromium";v="113", "Not-A.Brand";v="24" Sun May 28 2023 01:30:11 GMT+0000 (Greenwich Mean Time) 
GET: http:v1.1 localhost:3000/form ::1 "Android" "Google Chrome";v="113", "Chromium";v="113", "Not-A.Brand";v="24" Sun May 28 2023 01:30:36 GMT+0000 (Greenwich Mean Time) 
GET: http:v1.1 localhost:3000/form ::1 "Android" "Google Chrome";v="113", "Chromium";v="113", "Not-A.Brand";v="24" Sun May 28 2023 01:30:40 GMT+0000 (Greenwich Mean Time) 
GET: http:v1.1 localhost:3000/form ::1 "Android" "Google Chrome";v="113", "Chromium";v="113", "Not-A.Brand";v="24" Sun May 28 2023 01:30:46 GMT+0000 (Greenwich Mean Time) 
GET: http:v1.1 localhost:3000/form ::1 "Android" "Google Chrome";v="113", "Chromium";v="113", "Not-A.Brand";v="24" Sun May 28 2023 01:32:02 GMT+0000 (Greenwich Mean Time) 
GET: http:v1.1 localhost:3000/form ::1 "Android" "Google Chrome";v="113", "Chromium";v="113", "Not-A.Brand";v="24" Sun May 28 2023 01:32:06 GMT+0000 (Greenwich Mean Time) 
GET: http:v1.1 localhost:3000/form ::1 "Android" "Google Chrome";v="113", "Chromium";v="113", "Not-A.Brand";v="24" Sun May 28 2023 01:32:10 GMT+0000 (Greenwich Mean Time) 
GET: http:v1.1 localhost:3000/form ::1 "Android" "Google Chrome";v="113", "Chromium";v="113", "Not-A.Brand";v="24" Sun May 28 2023 01:32:14 GMT+0000 (Greenwich Mean Time) 
GET: http:v1.1 localhost:3000/form ::1 "Android" "Google Chrome";v="113", "Chromium";v="113", "Not-A.Brand";v="24" Sun May 28 2023 01:32:17 GMT+0000 (Greenwich Mean Time) 
GET: http:v1.1 localhost:3000/form ::1 "Android" "Google Chrome";v="113", "Chromium";v="113", "Not-A.Brand";v="24" Sun May 28 2023 01:32:20 GMT+0000 (Greenwich Mean Time) 
GET: http:v1.1 localhost:3000/form ::1 "Android" "Google Chrome";v="113", "Chromium";v="113", "Not-A.Brand";v="24" Sun May 28 2023 01:32:24 GMT+0000 (Greenwich Mean Time) 
GET: http:v1.1 localhost:3000/form ::1 "Android" "Google Chrome";v="113", "Chromium";v="113", "Not-A.Brand";v="24" Sun May 28 2023 01:32:31 GMT+0000 (Greenwich Mean Time) 
GET: http:v1.1 localhost:3000/form ::1 "Android" "Google Chrome";v="113", "Chromium";v="113", "Not-A.Brand";v="24" Sun May 28 2023 01:32:52 GMT+0000 (Greenwich Mean Time) 
GET: http:v1.1 localhost:3000/form ::1 "Android" "Google Chrome";v="113", "Chromium";v="113", "Not-A.Brand";v="24" Sun May 28 2023 01:33:53 GMT+0000 (Greenwich Mean Time) 
GET: http:v1.1 localhost:3000/form ::1 "Android" "Google Chrome";v="113", "Chromium";v="113", "Not-A.Brand";v="24" Sun May 28 2023 01:35:54 GMT+0000 (Greenwich Mean Time) 
GET: http:v1.1 localhost:3000/form ::1 "Android" "Google Chrome";v="113", "Chromium";v="113", "Not-A.Brand";v="24" Sun May 28 2023 01:35:57 GMT+0000 (Greenwich Mean Time) 
GET: http:v1.1 localhost:3000/form ::1 "Android" "Google Chrome";v="113", "Chromium";v="113", "Not-A.Brand";v="24" Sun May 28 2023 01:36:00 GMT+0000 (Greenwich Mean Time) 
GET: http:v1.1 localhost:3000/form ::1 "Android" "Google Chrome";v="113", "Chromium";v="113", "Not-A.Brand";v="24" Sun May 28 2023 01:36:32 GMT+0000 (Greenwich Mean Time) 
GET: http:v1.1 localhost:3000/form ::1 "Android" "Google Chrome";v="113", "Chromium";v="113", "Not-A.Brand";v="24" Sun May 28 2023 01:37:09 GMT+0000 (Greenwich Mean Time) 
GET: http:v1.1 localhost:3000/form ::ffff:127.0.0.1 "Android" "Google Chrome";v="113", "Chromium";v="113", "Not-A.Brand";v="24" Sun May 28 2023 01:37:28 GMT+0000 (Greenwich Mean Time) 
GET: http:v1.1 localhost:3000/form ::1 "Android" "Google Chrome";v="113", "Chromium";v="113", "Not-A.Brand";v="24" Sun May 28 2023 01:37:51 GMT+0000 (Greenwich Mean Time) 
GET: http:v1.1 localhost:3000/form ::1 "Android" "Google Chrome";v="113", "Chromium";v="113", "Not-A.Brand";v="24" Sun May 28 2023 01:37:57 GMT+0000 (Greenwich Mean Time) 
GET: http:v1.1 localhost:3000/form ::1 "Android" "Google Chrome";v="113", "Chromium";v="113", "Not-A.Brand";v="24" Sun May 28 2023 01:38:21 GMT+0000 (Greenwich Mean Time) 
GET: http:v1.1 localhost:3000/form ::1 "Android" "Google Chrome";v="113", "Chromium";v="113", "Not-A.Brand";v="24" Sun May 28 2023 01:38:36 GMT+0000 (Greenwich Mean Time) 
GET: http:v1.1 localhost:3000/form ::1 "Android" "Google Chrome";v="113", "Chromium";v="113", "Not-A.Brand";v="24" Sun May 28 2023 01:38:40 GMT+0000 (Greenwich Mean Time) 
GET: http:v1.1 localhost:3000/form ::1 "Android" "Google Chrome";v="113", "Chromium";v="113", "Not-A.Brand";v="24" Sun May 28 2023 01:38:44 GMT+0000 (Greenwich Mean Time) 
GET: http:v1.1 localhost:3000/form ::1 "Android" "Google Chrome";v="113", "Chromium";v="113", "Not-A.Brand";v="24" Sun May 28 2023 01:39:12 GMT+0000 (Greenwich Mean Time) 
GET: http:v1.1 localhost:3000/form ::1 "Android" "Google Chrome";v="113", "Chromium";v="113", "Not-A.Brand";v="24" Sun May 28 2023 01:39:17 GMT+0000 (Greenwich Mean Time) 
GET: http:v1.1 localhost:3000/form ::1 "Android" "Google Chrome";v="113", "Chromium";v="113", "Not-A.Brand";v="24" Sun May 28 2023 01:40:38 GMT+0000 (Greenwich Mean Time) 
GET: http:v1.1 localhost:3000/form ::1 "Android" "Google Chrome";v="113", "Chromium";v="113", "Not-A.Brand";v="24" Sun May 28 2023 01:41:06 GMT+0000 (Greenwich Mean Time) 
GET: http:v1.1 localhost:3000/form ::1 "Android" "Google Chrome";v="113", "Chromium";v="113", "Not-A.Brand";v="24" Sun May 28 2023 01:41:53 GMT+0000 (Greenwich Mean Time) 
GET: http:v1.1 localhost:3000/form ::1 "Android" "Google Chrome";v="113", "Chromium";v="113", "Not-A.Brand";v="24" Sun May 28 2023 01:41:56 GMT+0000 (Greenwich Mean Time) 
GET: http:v1.1 localhost:3000/form ::1 "Android" "Google Chrome";v="113", "Chromium";v="113", "Not-A.Brand";v="24" Sun May 28 2023 01:42:44 GMT+0000 (Greenwich Mean Time) 
GET: http:v1.1 localhost:3000/form ::1 "Android" "Google Chrome";v="113", "Chromium";v="113", "Not-A.Brand";v="24" Sun May 28 2023 01:43:00 GMT+0000 (Greenwich Mean Time) 
GET: http:v1.1 localhost:3000/form ::1 "Android" "Google Chrome";v="113", "Chromium";v="113", "Not-A.Brand";v="24" Sun May 28 2023 01:43:10 GMT+0000 (Greenwich Mean Time) 
GET: http:v1.1 localhost:3000/form ::1 "Android" "Google Chrome";v="113", "Chromium";v="113", "Not-A.Brand";v="24" Sun May 28 2023 01:43:36 GMT+0000 (Greenwich Mean Time) 
GET: http:v1.1 localhost:3000/form ::1 "Android" "Google Chrome";v="113", "Chromium";v="113", "Not-A.Brand";v="24" Sun May 28 2023 01:43:55 GMT+0000 (Greenwich Mean Time) 
GET: http:v1.1 localhost:3000/form ::1 "Android" "Google Chrome";v="113", "Chromium";v="113", "Not-A.Brand";v="24" Sun May 28 2023 01:44:05 GMT+0000 (Greenwich Mean Time) 
GET: http:v1.1 localhost:3000/form ::1 "Android" "Google Chrome";v="113", "Chromium";v="113", "Not-A.Brand";v="24" Sun May 28 2023 01:46:16 GMT+0000 (Greenwich Mean Time) 
GET: http:v1.1 localhost:3000/form ::1 "Android" "Google Chrome";v="113", "Chromium";v="113", "Not-A.Brand";v="24" Sun May 28 2023 01:47:49 GMT+0000 (Greenwich Mean Time) 
GET: http:v1.1 localhost:3000/form ::1 "Android" "Google Chrome";v="113", "Chromium";v="113", "Not-A.Brand";v="24" Sun May 28 2023 01:48:08 GMT+0000 (Greenwich Mean Time) 
GET: http:v1.1 localhost:3000/form ::1 "Android" "Google Chrome";v="113", "Chromium";v="113", "Not-A.Brand";v="24" Sun May 28 2023 01:49:03 GMT+0000 (Greenwich Mean Time) 
GET: http:v1.1 localhost:3000/form ::1 "Android" "Google Chrome";v="113", "Chromium";v="113", "Not-A.Brand";v="24" Sun May 28 2023 01:49:08 GMT+0000 (Greenwich Mean Time) 
GET: http:v1.1 localhost:3000/form ::1 "Android" "Google Chrome";v="113", "Chromium";v="113", "Not-A.Brand";v="24" Sun May 28 2023 01:51:04 GMT+0000 (Greenwich Mean Time) 
GET: http:v1.1 localhost:3000/form ::1 "Android" "Google Chrome";v="113", "Chromium";v="113", "Not-A.Brand";v="24" Sun May 28 2023 01:51:30 GMT+0000 (Greenwich Mean Time) 
GET: http:v1.1 localhost:3000/form ::1 "Android" "Google Chrome";v="113", "Chromium";v="113", "Not-A.Brand";v="24" Sun May 28 2023 01:51:34 GMT+0000 (Greenwich Mean Time) 
GET: http:v1.1 localhost:3000/form ::1 "Android" "Google Chrome";v="113", "Chromium";v="113", "Not-A.Brand";v="24" Sun May 28 2023 01:52:26 GMT+0000 (Greenwich Mean Time) 
GET: http:v1.1 localhost:3000/form ::1 "Android" "Google Chrome";v="113", "Chromium";v="113", "Not-A.Brand";v="24" Sun May 28 2023 01:52:49 GMT+0000 (Greenwich Mean Time) 
GET: http:v1.1 localhost:3000/form ::1 "Android" "Google Chrome";v="113", "Chromium";v="113", "Not-A.Brand";v="24" Sun May 28 2023 01:52:54 GMT+0000 (Greenwich Mean Time) 
GET: http:v1.1 localhost:3000/form ::1 "Android" "Google Chrome";v="113", "Chromium";v="113", "Not-A.Brand";v="24" Sun May 28 2023 01:54:08 GMT+0000 (Greenwich Mean Time) 
GET: http:v1.1 localhost:3000/form ::1 "Android" "Google Chrome";v="113", "Chromium";v="113", "Not-A.Brand";v="24" Sun May 28 2023 01:54:38 GMT+0000 (Greenwich Mean Time) 
GET: http:v1.1 localhost:3000/form ::1 "Android" "Google Chrome";v="113", "Chromium";v="113", "Not-A.Brand";v="24" Sun May 28 2023 01:54:48 GMT+0000 (Greenwich Mean Time) 
GET: http:v1.1 localhost:3000/form ::1 "Android" "Google Chrome";v="113", "Chromium";v="113", "Not-A.Brand";v="24" Sun May 28 2023 01:56:18 GMT+0000 (Greenwich Mean Time) 
GET: http:v1.1 localhost:3000/form ::1 "Android" "Google Chrome";v="113", "Chromium";v="113", "Not-A.Brand";v="24" Sun May 28 2023 01:56:22 GMT+0000 (Greenwich Mean Time) 
GET: http:v1.1 localhost:3000/form ::1 "Android" "Google Chrome";v="113", "Chromium";v="113", "Not-A.Brand";v="24" Sun May 28 2023 01:56:25 GMT+0000 (Greenwich Mean Time) 
GET: http:v1.1 localhost:3000/form ::1 "Android" "Google Chrome";v="113", "Chromium";v="113", "Not-A.Brand";v="24" Sun May 28 2023 01:56:52 GMT+0000 (Greenwich Mean Time) 
GET: http:v1.1 localhost:3000/form ::1 "Android" "Google Chrome";v="113", "Chromium";v="113", "Not-A.Brand";v="24" Sun May 28 2023 01:57:05 GMT+0000 (Greenwich Mean Time) 
GET: http:v1.1 localhost:3000/form ::1 "Android" "Google Chrome";v="113", "Chromium";v="113", "Not-A.Brand";v="24" Sun May 28 2023 01:57:34 GMT+0000 (Greenwich Mean Time) 
GET: http:v1.1 localhost:3000/form ::1 "Android" "Google Chrome";v="113", "Chromium";v="113", "Not-A.Brand";v="24" Sun May 28 2023 01:57:45 GMT+0000 (Greenwich Mean Time) 
GET: http:v1.1 localhost:3000/form ::1 "Android" "Google Chrome";v="113", "Chromium";v="113", "Not-A.Brand";v="24" Sun May 28 2023 01:58:09 GMT+0000 (Greenwich Mean Time) 
GET: http:v1.1 localhost:3000/form ::1 "Android" "Google Chrome";v="113", "Chromium";v="113", "Not-A.Brand";v="24" Sun May 28 2023 01:58:25 GMT+0000 (Greenwich Mean Time) 
GET: http:v1.1 localhost:3000/form ::1 "Android" "Google Chrome";v="113", "Chromium";v="113", "Not-A.Brand";v="24" Sun May 28 2023 01:58:54 GMT+0000 (Greenwich Mean Time) 
GET: http:v1.1 localhost:3000/form ::1 "Android" "Google Chrome";v="113", "Chromium";v="113", "Not-A.Brand";v="24" Sun May 28 2023 01:59:50 GMT+0000 (Greenwich Mean Time) 
GET: http:v1.1 localhost:3000/form ::1 "Android" "Google Chrome";v="113", "Chromium";v="113", "Not-A.Brand";v="24" Sun May 28 2023 02:00:30 GMT+0000 (Greenwich Mean Time) 
GET: http:v1.1 localhost:3000/form ::1 "Android" "Google Chrome";v="113", "Chromium";v="113", "Not-A.Brand";v="24" Sun May 28 2023 02:01:23 GMT+0000 (Greenwich Mean Time) 
GET: http:v1.1 localhost:3000/form ::1 "Android" "Google Chrome";v="113", "Chromium";v="113", "Not-A.Brand";v="24" Sun May 28 2023 02:02:29 GMT+0000 (Greenwich Mean Time) 
GET: http:v1.1 localhost:3000/form ::1 "Android" "Google Chrome";v="113", "Chromium";v="113", "Not-A.Brand";v="24" Sun May 28 2023 02:03:35 GMT+0000 (Greenwich Mean Time) 
GET: http:v1.1 localhost:3000/form ::1 "Android" "Google Chrome";v="113", "Chromium";v="113", "Not-A.Brand";v="24" Sun May 28 2023 02:04:14 GMT+0000 (Greenwich Mean Time) 
GET: http:v1.1 localhost:3000/form ::1 "Android" "Google Chrome";v="113", "Chromium";v="113", "Not-A.Brand";v="24" Sun May 28 2023 02:04:39 GMT+0000 (Greenwich Mean Time) 
GET: http:v1.1 localhost:3000/form ::1 "Android" "Google Chrome";v="113", "Chromium";v="113", "Not-A.Brand";v="24" Sun May 28 2023 02:05:04 GMT+0000 (Greenwich Mean Time) 
GET: http:v1.1 localhost:3000/form ::1 "Android" "Google Chrome";v="113", "Chromium";v="113", "Not-A.Brand";v="24" Sun May 28 2023 02:06:34 GMT+0000 (Greenwich Mean Time) 
GET: http:v1.1 localhost:3000/form ::1 "Android" "Google Chrome";v="113", "Chromium";v="113", "Not-A.Brand";v="24" Sun May 28 2023 02:06:39 GMT+0000 (Greenwich Mean Time) 
GET: http:v1.1 localhost:3000/form ::1 "Android" "Google Chrome";v="113", "Chromium";v="113", "Not-A.Brand";v="24" Sun May 28 2023 02:07:14 GMT+0000 (Greenwich Mean Time) 
GET: http:v1.1 localhost:3000/form ::1 "Android" "Google Chrome";v="113", "Chromium";v="113", "Not-A.Brand";v="24" Sun May 28 2023 02:07:17 GMT+0000 (Greenwich Mean Time) 
GET: http:v1.1 localhost:3000/form ::1 "Android" "Google Chrome";v="113", "Chromium";v="113", "Not-A.Brand";v="24" Sun May 28 2023 02:07:42 GMT+0000 (Greenwich Mean Time) 
GET: http:v1.1 localhost:3000/form ::1 "Android" "Google Chrome";v="113", "Chromium";v="113", "Not-A.Brand";v="24" Sun May 28 2023 02:08:26 GMT+0000 (Greenwich Mean Time) 
GET: http:v1.1 localhost:3000/form ::1 "Android" "Google Chrome";v="113", "Chromium";v="113", "Not-A.Brand";v="24" Sun May 28 2023 02:09:44 GMT+0000 (Greenwich Mean Time) 
GET: http:v1.1 localhost:3000/form ::1 "Android" "Google Chrome";v="113", "Chromium";v="113", "Not-A.Brand";v="24" Sun May 28 2023 02:10:21 GMT+0000 (Greenwich Mean Time) 
GET: http:v1.1 localhost:3000/form ::1 "Android" "Google Chrome";v="113", "Chromium";v="113", "Not-A.Brand";v="24" Sun May 28 2023 02:11:05 GMT+0000 (Greenwich Mean Time) 
GET: http:v1.1 localhost:3000/form ::1 "Windows" "Google Chrome";v="113", "Chromium";v="113", "Not-A.Brand";v="24" Sun May 28 2023 02:12:59 GMT+0000 (Greenwich Mean Time) 
GET: http:v1.1 localhost:3000/form ::1 "Windows" "Google Chrome";v="113", "Chromium";v="113", "Not-A.Brand";v="24" Sun May 28 2023 02:13:10 GMT+0000 (Greenwich Mean Time) 
GET: http:v1.1 localhost:3000/form ::1 "Windows" "Google Chrome";v="113", "Chromium";v="113", "Not-A.Brand";v="24" Sun May 28 2023 02:14:03 GMT+0000 (Greenwich Mean Time) 
GET: http:v1.1 localhost:3000/form ::1 "Windows" "Google Chrome";v="113", "Chromium";v="113", "Not-A.Brand";v="24" Sun May 28 2023 02:14:25 GMT+0000 (Greenwich Mean Time) 
GET: http:v1.1 localhost:3000/form ::1 "Windows" "Google Chrome";v="113", "Chromium";v="113", "Not-A.Brand";v="24" Sun May 28 2023 02:15:03 GMT+0000 (Greenwich Mean Time) 
GET: http:v1.1 localhost:3000/ ::1 "Windows" "Google Chrome";v="113", "Chromium";v="113", "Not-A.Brand";v="24" Sun May 28 2023 02:25:54 GMT+0000 (Greenwich Mean Time) 
GET: http:v1.1 localhost:3000/form ::1 "Windows" "Google Chrome";v="113", "Chromium";v="113", "Not-A.Brand";v="24" Sun May 28 2023 02:25:54 GMT+0000 (Greenwich Mean Time) 
GET: http:v1.1 localhost:3000/form ::1 "Windows" "Google Chrome";v="113", "Chromium";v="113", "Not-A.Brand";v="24" Sun May 28 2023 02:27:19 GMT+0000 (Greenwich Mean Time) 
GET: http:v1.1 localhost:3000/form ::1 "Windows" "Google Chrome";v="113", "Chromium";v="113", "Not-A.Brand";v="24" Sun May 28 2023 02:27:31 GMT+0000 (Greenwich Mean Time) 
GET: http:v1.1 localhost:3000/form ::1 "Windows" "Google Chrome";v="113", "Chromium";v="113", "Not-A.Brand";v="24" Sun May 28 2023 02:28:53 GMT+0000 (Greenwich Mean Time) 
GET: http:v1.1 localhost:3000/form ::1 "Windows" "Google Chrome";v="113", "Chromium";v="113", "Not-A.Brand";v="24" Sun May 28 2023 02:34:28 GMT+0000 (Greenwich Mean Time) 
POST: http:v1.1 localhost:3000/login ::1 "Windows" "Google Chrome";v="113", "Chromium";v="113", "Not-A.Brand";v="24" Sun May 28 2023 02:45:52 GMT+0000 (Greenwich Mean Time) 
POST: http:v1.1 localhost:3000/register ::1 "Windows" "Google Chrome";v="113", "Chromium";v="113", "Not-A.Brand";v="24" Sun May 28 2023 03:31:32 GMT+0000 (Greenwich Mean Time) 
GET: http:v1.1 localhost:3000/undefined ::1 "Windows" "Google Chrome";v="113", "Chromium";v="113", "Not-A.Brand";v="24" Sun May 28 2023 03:31:34 GMT+0000 (Greenwich Mean Time) 
GET: http:v1.1 localhost:3000/error ::1 "Windows" "Google Chrome";v="113", "Chromium";v="113", "Not-A.Brand";v="24" Sun May 28 2023 03:31:34 GMT+0000 (Greenwich Mean Time) 
GET: http:v1.1 localhost:3000/error ::1 "Windows" "Google Chrome";v="113", "Chromium";v="113", "Not-A.Brand";v="24" Sun May 28 2023 03:33:38 GMT+0000 (Greenwich Mean Time) 
GET: http:v1.1 localhost:3000/ ::1 "Windows" "Google Chrome";v="113", "Chromium";v="113", "Not-A.Brand";v="24" Sun May 28 2023 03:33:43 GMT+0000 (Greenwich Mean Time) 
GET: http:v1.1 localhost:3000/form ::1 "Windows" "Google Chrome";v="113", "Chromium";v="113", "Not-A.Brand";v="24" Sun May 28 2023 03:33:44 GMT+0000 (Greenwich Mean Time) 
GET: http:v1.1 localhost:3000/form ::1 "Windows" "Google Chrome";v="113", "Chromium";v="113", "Not-A.Brand";v="24" Sun May 28 2023 03:39:41 GMT+0000 (Greenwich Mean Time) 
POST: http:v1.1 localhost:3000/login ::1 "Windows" "Google Chrome";v="113", "Chromium";v="113", "Not-A.Brand";v="24" Sun May 28 2023 03:39:48 GMT+0000 (Greenwich Mean Time) 
GET: http:v1.1 localhost:3000/ ::1 "Windows" "Google Chrome";v="113", "Chromium";v="113", "Not-A.Brand";v="24" Sun May 28 2023 03:39:50 GMT+0000 (Greenwich Mean Time) 
GET: http:v1.1 localhost:3000/ ::1 "Windows" "Google Chrome";v="113", "Chromium";v="113", "Not-A.Brand";v="24" Sun May 28 2023 03:40:12 GMT+0000 (Greenwich Mean Time) 
GET: http:v1.1 localhost:3000/ ::1 "Windows" "Google Chrome";v="113", "Chromium";v="113", "Not-A.Brand";v="24" Sun May 28 2023 03:40:16 GMT+0000 (Greenwich Mean Time) 
GET: http:v1.1 localhost:3000/ ::1 "Windows" "Google Chrome";v="113", "Chromium";v="113", "Not-A.Brand";v="24" Sun May 28 2023 05:11:29 GMT+0000 (Greenwich Mean Time) 
GET: http:v1.1 localhost:3000/form ::1 "Windows" "Google Chrome";v="113", "Chromium";v="113", "Not-A.Brand";v="24" Sun May 28 2023 05:11:29 GMT+0000 (Greenwich Mean Time) 
GET: http:v1.1 localhost:3000/form ::1 "Windows" "Google Chrome";v="113", "Chromium";v="113", "Not-A.Brand";v="24" Sun May 28 2023 05:18:32 GMT+0000 (Greenwich Mean Time) 
GET: http:v1.1 localhost:3000/form ::1 "Windows" "Google Chrome";v="113", "Chromium";v="113", "Not-A.Brand";v="24" Sun May 28 2023 05:18:39 GMT+0000 (Greenwich Mean Time) 
GET: http:v1.1 localhost:3000/form ::1 "Windows" "Google Chrome";v="113", "Chromium";v="113", "Not-A.Brand";v="24" Sun May 28 2023 05:18:42 GMT+0000 (Greenwich Mean Time) 
GET: http:v1.1 localhost:3000/form ::1 "Windows" "Google Chrome";v="113", "Chromium";v="113", "Not-A.Brand";v="24" Sun May 28 2023 05:20:23 GMT+0000 (Greenwich Mean Time) 
GET: http:v1.1 localhost:3000/form ::1 "Windows" "Google Chrome";v="113", "Chromium";v="113", "Not-A.Brand";v="24" Sun May 28 2023 05:21:30 GMT+0000 (Greenwich Mean Time) 
GET: http:v1.1 localhost:3000/form ::1 "Windows" "Google Chrome";v="113", "Chromium";v="113", "Not-A.Brand";v="24" Sun May 28 2023 05:21:34 GMT+0000 (Greenwich Mean Time) 
GET: http:v1.1 localhost:3000/form ::1 "Windows" "Google Chrome";v="113", "Chromium";v="113", "Not-A.Brand";v="24" Sun May 28 2023 05:21:37 GMT+0000 (Greenwich Mean Time) 
GET: http:v1.1 localhost:3000/form ::1 "Windows" "Google Chrome";v="113", "Chromium";v="113", "Not-A.Brand";v="24" Sun May 28 2023 05:25:28 GMT+0000 (Greenwich Mean Time) 
GET: http:v1.1 localhost:3000/form ::1 "Windows" "Google Chrome";v="113", "Chromium";v="113", "Not-A.Brand";v="24" Sun May 28 2023 05:25:35 GMT+0000 (Greenwich Mean Time) 
GET: http:v1.1 localhost:3000/form ::1 "Windows" "Google Chrome";v="113", "Chromium";v="113", "Not-A.Brand";v="24" Sun May 28 2023 05:26:45 GMT+0000 (Greenwich Mean Time) 
GET: http:v1.1 localhost:3000/form ::1 "Android" "Google Chrome";v="113", "Chromium";v="113", "Not-A.Brand";v="24" Sun May 28 2023 05:27:06 GMT+0000 (Greenwich Mean Time) 
GET: http:v1.1 localhost:3000/form ::1 "Android" "Google Chrome";v="113", "Chromium";v="113", "Not-A.Brand";v="24" Sun May 28 2023 05:27:10 GMT+0000 (Greenwich Mean Time) 
GET: http:v1.1 localhost:3000/form ::1 "Android" "Google Chrome";v="113", "Chromium";v="113", "Not-A.Brand";v="24" Sun May 28 2023 05:27:14 GMT+0000 (Greenwich Mean Time) 
GET: http:v1.1 localhost:3000/form ::1 "Android" "Google Chrome";v="113", "Chromium";v="113", "Not-A.Brand";v="24" Sun May 28 2023 05:27:17 GMT+0000 (Greenwich Mean Time) 
GET: http:v1.1 localhost:3000/form ::1 "Android" "Google Chrome";v="113", "Chromium";v="113", "Not-A.Brand";v="24" Sun May 28 2023 05:34:41 GMT+0000 (Greenwich Mean Time) 
GET: http:v1.1 localhost:3000/form ::1 "Android" "Google Chrome";v="113", "Chromium";v="113", "Not-A.Brand";v="24" Sun May 28 2023 05:34:56 GMT+0000 (Greenwich Mean Time) 
GET: http:v1.1 localhost:3000/form ::1 "Android" "Google Chrome";v="113", "Chromium";v="113", "Not-A.Brand";v="24" Sun May 28 2023 05:35:41 GMT+0000 (Greenwich Mean Time) 
GET: http:v1.1 localhost:3000/form ::1 "Android" "Google Chrome";v="113", "Chromium";v="113", "Not-A.Brand";v="24" Sun May 28 2023 05:36:33 GMT+0000 (Greenwich Mean Time) 
GET: http:v1.1 localhost:3000/form ::1 "Android" "Google Chrome";v="113", "Chromium";v="113", "Not-A.Brand";v="24" Sun May 28 2023 05:36:43 GMT+0000 (Greenwich Mean Time) 
GET: http:v1.1 localhost:3000/form ::1 "Android" "Google Chrome";v="113", "Chromium";v="113", "Not-A.Brand";v="24" Sun May 28 2023 05:37:22 GMT+0000 (Greenwich Mean Time) 
GET: http:v1.1 localhost:3000/form ::1 "Android" "Google Chrome";v="113", "Chromium";v="113", "Not-A.Brand";v="24" Sun May 28 2023 05:39:18 GMT+0000 (Greenwich Mean Time) 
GET: http:v1.1 localhost:3000/form ::1 "Android" "Google Chrome";v="113", "Chromium";v="113", "Not-A.Brand";v="24" Sun May 28 2023 05:40:38 GMT+0000 (Greenwich Mean Time) 
GET: http:v1.1 localhost:3000/form ::1 "Android" "Google Chrome";v="113", "Chromium";v="113", "Not-A.Brand";v="24" Sun May 28 2023 05:40:45 GMT+0000 (Greenwich Mean Time) 
GET: http:v1.1 localhost:3000/form ::1 "Android" "Google Chrome";v="113", "Chromium";v="113", "Not-A.Brand";v="24" Sun May 28 2023 05:42:49 GMT+0000 (Greenwich Mean Time) 
GET: http:v1.1 localhost:3000/form ::1 "Android" "Google Chrome";v="113", "Chromium";v="113", "Not-A.Brand";v="24" Sun May 28 2023 05:44:57 GMT+0000 (Greenwich Mean Time) 
GET: http:v1.1 localhost:3000/form ::1 "Android" "Google Chrome";v="113", "Chromium";v="113", "Not-A.Brand";v="24" Sun May 28 2023 05:46:21 GMT+0000 (Greenwich Mean Time) 
GET: http:v1.1 localhost:3000/form ::1 "Android" "Google Chrome";v="113", "Chromium";v="113", "Not-A.Brand";v="24" Sun May 28 2023 05:46:47 GMT+0000 (Greenwich Mean Time) 
GET: http:v1.1 localhost:3000/form ::1 "Android" "Google Chrome";v="113", "Chromium";v="113", "Not-A.Brand";v="24" Sun May 28 2023 05:47:47 GMT+0000 (Greenwich Mean Time) 
GET: http:v1.1 localhost:3000/form ::1 "Android" "Google Chrome";v="113", "Chromium";v="113", "Not-A.Brand";v="24" Sun May 28 2023 05:48:25 GMT+0000 (Greenwich Mean Time) 
GET: http:v1.1 localhost:3000/form ::1 "Android" "Google Chrome";v="113", "Chromium";v="113", "Not-A.Brand";v="24" Sun May 28 2023 05:49:29 GMT+0000 (Greenwich Mean Time) 
GET: http:v1.1 localhost:3000/form ::1 "Android" "Google Chrome";v="113", "Chromium";v="113", "Not-A.Brand";v="24" Sun May 28 2023 05:51:00 GMT+0000 (Greenwich Mean Time) 
GET: http:v1.1 localhost:3000/form ::1 "Android" "Google Chrome";v="113", "Chromium";v="113", "Not-A.Brand";v="24" Sun May 28 2023 05:53:36 GMT+0000 (Greenwich Mean Time) 
GET: http:v1.1 localhost:3000/form ::1 "Android" "Google Chrome";v="113", "Chromium";v="113", "Not-A.Brand";v="24" Sun May 28 2023 05:53:39 GMT+0000 (Greenwich Mean Time) 
GET: http:v1.1 localhost:3000/form ::1 "Android" "Google Chrome";v="113", "Chromium";v="113", "Not-A.Brand";v="24" Sun May 28 2023 05:54:55 GMT+0000 (Greenwich Mean Time) 
GET: http:v1.1 localhost:3000/form ::1 "Android" "Google Chrome";v="113", "Chromium";v="113", "Not-A.Brand";v="24" Sun May 28 2023 05:56:12 GMT+0000 (Greenwich Mean Time) 
GET: http:v1.1 localhost:3000/form ::1 "Android" "Google Chrome";v="113", "Chromium";v="113", "Not-A.Brand";v="24" Sun May 28 2023 05:57:30 GMT+0000 (Greenwich Mean Time) 
GET: http:v1.1 localhost:3000/form ::1 "Android" "Google Chrome";v="113", "Chromium";v="113", "Not-A.Brand";v="24" Sun May 28 2023 05:58:16 GMT+0000 (Greenwich Mean Time) 
GET: http:v1.1 localhost:3000/form ::1 "Android" "Google Chrome";v="113", "Chromium";v="113", "Not-A.Brand";v="24" Sun May 28 2023 05:59:02 GMT+0000 (Greenwich Mean Time) 
GET: http:v1.1 localhost:3000/form ::1 "Android" "Google Chrome";v="113", "Chromium";v="113", "Not-A.Brand";v="24" Sun May 28 2023 06:01:32 GMT+0000 (Greenwich Mean Time) 
POST: http:v1.1 localhost:3000/login ::1 "Android" "Google Chrome";v="113", "Chromium";v="113", "Not-A.Brand";v="24" Sun May 28 2023 06:01:48 GMT+0000 (Greenwich Mean Time) 
GET: http:v1.1 localhost:3000/form ::1 "Android" "Google Chrome";v="113", "Chromium";v="113", "Not-A.Brand";v="24" Sun May 28 2023 06:03:00 GMT+0000 (Greenwich Mean Time) 
GET: http:v1.1 localhost:3000/form ::1 "Android" "Google Chrome";v="113", "Chromium";v="113", "Not-A.Brand";v="24" Sun May 28 2023 06:03:34 GMT+0000 (Greenwich Mean Time) 
POST: http:v1.1 localhost:3000/login ::1 "Android" "Google Chrome";v="113", "Chromium";v="113", "Not-A.Brand";v="24" Sun May 28 2023 06:03:57 GMT+0000 (Greenwich Mean Time) 
GET: http:v1.1 localhost:3000/ ::1 "Android" "Google Chrome";v="113", "Chromium";v="113", "Not-A.Brand";v="24" Sun May 28 2023 06:03:58 GMT+0000 (Greenwich Mean Time) 
GET: http:v1.1 localhost:3000/form ::1 "Android" "Google Chrome";v="113", "Chromium";v="113", "Not-A.Brand";v="24" Sun May 28 2023 06:12:09 GMT+0000 (Greenwich Mean Time) 
GET: http:v1.1 localhost:3000/form ::1 "Android" "Google Chrome";v="113", "Chromium";v="113", "Not-A.Brand";v="24" Sun May 28 2023 06:12:15 GMT+0000 (Greenwich Mean Time) 
GET: http:v1.1 localhost:3000/form ::1 "Android" "Google Chrome";v="113", "Chromium";v="113", "Not-A.Brand";v="24" Sun May 28 2023 06:12:20 GMT+0000 (Greenwich Mean Time) 
GET: http:v1.1 localhost:3000/form ::1 "Android" "Google Chrome";v="113", "Chromium";v="113", "Not-A.Brand";v="24" Sun May 28 2023 06:14:41 GMT+0000 (Greenwich Mean Time) 
GET: http:v1.1 localhost:3000/form ::1 "Android" "Google Chrome";v="113", "Chromium";v="113", "Not-A.Brand";v="24" Sun May 28 2023 06:14:49 GMT+0000 (Greenwich Mean Time) 
GET: http:v1.1 localhost:3000/form ::1 "Android" "Google Chrome";v="113", "Chromium";v="113", "Not-A.Brand";v="24" Sun May 28 2023 06:15:32 GMT+0000 (Greenwich Mean Time) 
GET: http:v1.1 localhost:3000/form ::1 "Android" "Google Chrome";v="113", "Chromium";v="113", "Not-A.Brand";v="24" Sun May 28 2023 06:16:27 GMT+0000 (Greenwich Mean Time) 
GET: http:v1.1 localhost:3000/form ::1 "Android" "Google Chrome";v="113", "Chromium";v="113", "Not-A.Brand";v="24" Sun May 28 2023 06:16:42 GMT+0000 (Greenwich Mean Time) 
GET: http:v1.1 localhost:3000/form ::1 "Android" "Google Chrome";v="113", "Chromium";v="113", "Not-A.Brand";v="24" Sun May 28 2023 06:21:20 GMT+0000 (Greenwich Mean Time) 
GET: http:v1.1 localhost:3000/form ::1 "Android" "Google Chrome";v="113", "Chromium";v="113", "Not-A.Brand";v="24" Sun May 28 2023 06:28:37 GMT+0000 (Greenwich Mean Time) 
GET: http:v1.1 localhost:3000/form ::1 "Android" "Google Chrome";v="113", "Chromium";v="113", "Not-A.Brand";v="24" Sun May 28 2023 06:28:40 GMT+0000 (Greenwich Mean Time) 
GET: http:v1.1 localhost:3000/form ::1 "Android" "Google Chrome";v="113", "Chromium";v="113", "Not-A.Brand";v="24" Sun May 28 2023 06:28:44 GMT+0000 (Greenwich Mean Time) 
GET: http:v1.1 localhost:3000/form ::1 "Android" "Google Chrome";v="113", "Chromium";v="113", "Not-A.Brand";v="24" Sun May 28 2023 06:31:20 GMT+0000 (Greenwich Mean Time) 
GET: http:v1.1 localhost:3000/form ::1 "Android" "Google Chrome";v="113", "Chromium";v="113", "Not-A.Brand";v="24" Sun May 28 2023 06:31:45 GMT+0000 (Greenwich Mean Time) 
GET: http:v1.1 localhost:3000/form ::1 "Android" "Google Chrome";v="113", "Chromium";v="113", "Not-A.Brand";v="24" Sun May 28 2023 06:32:17 GMT+0000 (Greenwich Mean Time) 
GET: http:v1.1 localhost:3000/form ::1 "Android" "Google Chrome";v="113", "Chromium";v="113", "Not-A.Brand";v="24" Sun May 28 2023 06:36:20 GMT+0000 (Greenwich Mean Time) 
GET: http:v1.1 localhost:3000/form ::1 "Android" "Google Chrome";v="113", "Chromium";v="113", "Not-A.Brand";v="24" Sun May 28 2023 06:41:13 GMT+0000 (Greenwich Mean Time) 
GET: http:v1.1 localhost:3000/images/Slider/img/crop9.jpg ::1 "Android" "Google Chrome";v="113", "Chromium";v="113", "Not-A.Brand";v="24" Sun May 28 2023 06:41:13 GMT+0000 (Greenwich Mean Time) 
GET: http:v1.1 localhost:3000/error ::1 "Android" "Google Chrome";v="113", "Chromium";v="113", "Not-A.Brand";v="24" Sun May 28 2023 06:41:14 GMT+0000 (Greenwich Mean Time) 
GET: http:v1.1 localhost:3000/form ::1 "Android" "Google Chrome";v="113", "Chromium";v="113", "Not-A.Brand";v="24" Sun May 28 2023 06:43:40 GMT+0000 (Greenwich Mean Time) 
GET: http:v1.1 localhost:3000/images/Slider/img/crop9.jpg ::1 "Android" "Google Chrome";v="113", "Chromium";v="113", "Not-A.Brand";v="24" Sun May 28 2023 06:43:40 GMT+0000 (Greenwich Mean Time) 
GET: http:v1.1 localhost:3000/error ::1 "Android" "Google Chrome";v="113", "Chromium";v="113", "Not-A.Brand";v="24" Sun May 28 2023 06:43:41 GMT+0000 (Greenwich Mean Time) 
GET: http:v1.1 localhost:3000/form ::1 "Android" "Google Chrome";v="113", "Chromium";v="113", "Not-A.Brand";v="24" Sun May 28 2023 06:45:17 GMT+0000 (Greenwich Mean Time) 
GET: http:v1.1 localhost:3000/form ::1 "Android" "Google Chrome";v="113", "Chromium";v="113", "Not-A.Brand";v="24" Sun May 28 2023 06:47:49 GMT+0000 (Greenwich Mean Time) 
GET: http:v1.1 localhost:3000/form ::1 "Android" "Google Chrome";v="113", "Chromium";v="113", "Not-A.Brand";v="24" Sun May 28 2023 06:49:03 GMT+0000 (Greenwich Mean Time) 
GET: http:v1.1 localhost:3000/form ::1 "Android" "Google Chrome";v="113", "Chromium";v="113", "Not-A.Brand";v="24" Sun May 28 2023 06:49:41 GMT+0000 (Greenwich Mean Time) 
GET: http:v1.1 localhost:3000/form ::1 "Android" "Google Chrome";v="113", "Chromium";v="113", "Not-A.Brand";v="24" Sun May 28 2023 06:50:28 GMT+0000 (Greenwich Mean Time) 
GET: http:v1.1 localhost:3000/form ::1 "Android" "Google Chrome";v="113", "Chromium";v="113", "Not-A.Brand";v="24" Sun May 28 2023 06:51:05 GMT+0000 (Greenwich Mean Time) 
GET: http:v1.1 localhost:3000/form ::1 "Android" "Google Chrome";v="113", "Chromium";v="113", "Not-A.Brand";v="24" Sun May 28 2023 06:51:42 GMT+0000 (Greenwich Mean Time) 
GET: http:v1.1 localhost:3000/form ::1 "Android" "Google Chrome";v="113", "Chromium";v="113", "Not-A.Brand";v="24" Sun May 28 2023 06:52:23 GMT+0000 (Greenwich Mean Time) 
GET: http:v1.1 localhost:3000/form ::1 "Android" "Google Chrome";v="113", "Chromium";v="113", "Not-A.Brand";v="24" Sun May 28 2023 06:52:45 GMT+0000 (Greenwich Mean Time) 
GET: http:v1.1 localhost:3000/form ::1 "Android" "Google Chrome";v="113", "Chromium";v="113", "Not-A.Brand";v="24" Sun May 28 2023 06:53:46 GMT+0000 (Greenwich Mean Time) 
GET: http:v1.1 localhost:3000/form ::1 "Android" "Google Chrome";v="113", "Chromium";v="113", "Not-A.Brand";v="24" Sun May 28 2023 06:54:13 GMT+0000 (Greenwich Mean Time) 
POST: http:v1.1 localhost:3000/login ::1 "Android" "Google Chrome";v="113", "Chromium";v="113", "Not-A.Brand";v="24" Sun May 28 2023 06:54:16 GMT+0000 (Greenwich Mean Time) 
GET: http:v1.1 localhost:3000/quizzes/trial-1/midwifery ::1 "Android" "Google Chrome";v="113", "Chromium";v="113", "Not-A.Brand";v="24" Sun May 28 2023 06:54:18 GMT+0000 (Greenwich Mean Time) 
GET: http:v1.1 localhost:3000/form ::1 "Android" "Google Chrome";v="113", "Chromium";v="113", "Not-A.Brand";v="24" Sun May 28 2023 06:55:10 GMT+0000 (Greenwich Mean Time) 
GET: http:v1.1 localhost:3000/form ::1 "Android" "Google Chrome";v="113", "Chromium";v="113", "Not-A.Brand";v="24" Sun May 28 2023 06:57:13 GMT+0000 (Greenwich Mean Time) 
GET: http:v1.1 localhost:3000/form ::1 "Android" "Google Chrome";v="113", "Chromium";v="113", "Not-A.Brand";v="24" Sun May 28 2023 06:58:24 GMT+0000 (Greenwich Mean Time) 
GET: http:v1.1 localhost:3000/form ::1 "Android" "Google Chrome";v="113", "Chromium";v="113", "Not-A.Brand";v="24" Sun May 28 2023 06:59:07 GMT+0000 (Greenwich Mean Time) 
GET: http:v1.1 localhost:3000/form ::1 "Android" "Google Chrome";v="113", "Chromium";v="113", "Not-A.Brand";v="24" Sun May 28 2023 06:59:46 GMT+0000 (Greenwich Mean Time) 
GET: http:v1.1 localhost:3000/form ::1 "Android" "Google Chrome";v="113", "Chromium";v="113", "Not-A.Brand";v="24" Sun May 28 2023 07:00:41 GMT+0000 (Greenwich Mean Time) 
GET: http:v1.1 localhost:3000/form ::1 "Android" "Google Chrome";v="113", "Chromium";v="113", "Not-A.Brand";v="24" Sun May 28 2023 07:02:20 GMT+0000 (Greenwich Mean Time) 
GET: http:v1.1 localhost:3000/form ::1 "Android" "Google Chrome";v="113", "Chromium";v="113", "Not-A.Brand";v="24" Sun May 28 2023 07:03:48 GMT+0000 (Greenwich Mean Time) 
GET: http:v1.1 localhost:3000/form ::1 "Android" "Google Chrome";v="113", "Chromium";v="113", "Not-A.Brand";v="24" Sun May 28 2023 07:05:27 GMT+0000 (Greenwich Mean Time) 
GET: http:v1.1 localhost:3000/form ::1 "Android" "Google Chrome";v="113", "Chromium";v="113", "Not-A.Brand";v="24" Sun May 28 2023 07:20:10 GMT+0000 (Greenwich Mean Time) 
GET: http:v1.1 localhost:3000/form ::1 "Android" "Google Chrome";v="113", "Chromium";v="113", "Not-A.Brand";v="24" Sun May 28 2023 07:44:55 GMT+0000 (Greenwich Mean Time) 
GET: http:v1.1 localhost:3000/form ::1 "Android" "Google Chrome";v="113", "Chromium";v="113", "Not-A.Brand";v="24" Sun May 28 2023 07:48:55 GMT+0000 (Greenwich Mean Time) 
GET: http:v1.1 localhost:3000/favicon.ico ::1 "Android" "Google Chrome";v="113", "Chromium";v="113", "Not-A.Brand";v="24" Sun May 28 2023 07:49:40 GMT+0000 (Greenwich Mean Time) 
GET: http:v1.1 localhost:3000/error ::1 "Android" "Google Chrome";v="113", "Chromium";v="113", "Not-A.Brand";v="24" Sun May 28 2023 07:49:40 GMT+0000 (Greenwich Mean Time) 
GET: http:v1.1 localhost:3000/form ::1 "Android" "Google Chrome";v="113", "Chromium";v="113", "Not-A.Brand";v="24" Sun May 28 2023 08:02:50 GMT+0000 (Greenwich Mean Time) 
